#
# A fatal error has been detected by the Java Runtime Environment:
#
#  EXCEPTION_ACCESS_VIOLATION (0xc0000005) at pc=0x0000000055a98f45, pid=5500, tid=10716
#
# JRE version: Java(TM) SE Runtime Environment (8.0_91-b15) (build 1.8.0_91-b15)
# Java VM: Java HotSpot(TM) 64-Bit Server VM (25.91-b15 mixed mode windows-amd64 compressed oops)
# Problematic frame:
# V  [jvm.dll+0x128f45]
#
# Failed to write core dump. Minidumps are not enabled by default on client versions of Windows
#
# If you would like to submit a bug report, please visit:
#   http://bugreport.java.com/bugreport/crash.jsp
#

---------------  T H R E A D  ---------------

Current thread (0x000000001c22c800):  JavaThread "JDWP Transport Listener: dt_socket" daemon [_thread_in_vm, id=10716, stack(0x000000001d890000,0x000000001d990000)]

siginfo: ExceptionCode=0xc0000005, reading address 0xffffffffffffffff

Registers:
RAX=0x000000001d98f301, RBX=0x000000001c22c800, RCX=0x63656a62003b7265, RDX=0x0000000000000000
RSP=0x000000001d98f300, RBP=0x63656a62003b7265, RSI=0x000000001d98f418, RDI=0x000000000114cd40
R8 =0x000000001c22c800, R9 =0x0000000000000000, R10=0x0000000000000000, R11=0x0000000000000064
R12=0x0000000000000000, R13=0x000000001c237e58, R14=0x0000000000000000, R15=0x0000000000000000
RIP=0x0000000055a98f45, EFLAGS=0x0000000000010206

Top of Stack: (sp=0x000000001d98f300)
0x000000001d98f300:   000000001c22c800 000000001c22c800
0x000000001d98f310:   000000001d98f3c8 0000000055c9f32b
0x000000001d98f320:   000000001c22c800 0000000055cbbb8d
0x000000001d98f330:   0000000000000000 0000000055839155
0x000000001d98f340:   000000001deee560 000000005584291e
0x000000001d98f350:   000000001c22c800 0000000000000000
0x000000001d98f360:   0000000000000000 0000000000000000
0x000000001d98f370:   63656a62003b7265 0000000055841a15
0x000000001d98f380:   000000001d98f418 000000001d98f3f0
0x000000001d98f390:   0000000000000001 000000001deee560
0x000000001d98f3a0:   63656a62003b7265 00000000558253b3
0x000000001d98f3b0:   000000001d98f4e0 0000000000000001
0x000000001d98f3c0:   0000000000000001 000000001deee560
0x000000001d98f3d0:   0000000000000001 0000000000000000
0x000000001d98f3e0:   0000000000000000 0000000000000000
0x000000001d98f3f0:   0000000000000001 0000000055825571 

Instructions: (pc=0x0000000055a98f45)
0x0000000055a98f25:   cc cc cc cc cc cc cc cc cc cc cc 48 83 ec 28 48
0x0000000055a98f35:   85 c9 75 07 33 c0 48 83 c4 28 c3 48 89 5c 24 20
0x0000000055a98f45:   48 8b 19 48 85 db 74 20 48 83 fb 37 74 1a 48 8b
0x0000000055a98f55:   13 48 8b cb ff 52 10 84 c0 74 0d 48 8b c3 48 8b 


Register to memory mapping:

RAX=0x000000001d98f301 is pointing into the stack for thread: 0x000000001c22c800
RBX=0x000000001c22c800 is a thread
RCX=0x63656a62003b7265 is an unknown value
RDX=0x0000000000000000 is an unknown value
RSP=0x000000001d98f300 is pointing into the stack for thread: 0x000000001c22c800
RBP=0x63656a62003b7265 is an unknown value
RSI=0x000000001d98f418 is pointing into the stack for thread: 0x000000001c22c800
RDI=0x000000000114cd40 is an unknown value
R8 =0x000000001c22c800 is a thread
R9 =0x0000000000000000 is an unknown value
R10=0x0000000000000000 is an unknown value
R11=0x0000000000000064 is an unknown value
R12=0x0000000000000000 is an unknown value
R13=0x000000001c237e58 is an unknown value
R14=0x0000000000000000 is an unknown value
R15=0x0000000000000000 is an unknown value


Stack: [0x000000001d890000,0x000000001d990000],  sp=0x000000001d98f300,  free space=1020k
Native frames: (J=compiled Java code, j=interpreted, Vv=VM code, C=native code)
V  [jvm.dll+0x128f45]
V  [jvm.dll+0x34bb8d]
C  [jdwp.dll+0x21a15]
C  [jdwp.dll+0x53b3]
C  [jdwp.dll+0x5571]
C  [jdwp.dll+0xf0a8]
C  [jdwp.dll+0x1f2d5]
C  [jdwp.dll+0x1f4aa]
V  [jvm.dll+0x1bbf38]
V  [jvm.dll+0x243ae4]
V  [jvm.dll+0x29a99a]
C  [msvcr100.dll+0x21d9f]
C  [msvcr100.dll+0x21e3b]
C  [KERNEL32.DLL+0x18102]
C  [ntdll.dll+0x5c5b4]


---------------  P R O C E S S  ---------------

Java Threads: ( => current thread )
  0x000000001ddc6000 JavaThread "Service Thread" daemon [_thread_blocked, id=7732, stack(0x000000001e290000,0x000000001e390000)]
  0x000000001ddc0800 JavaThread "C1 CompilerThread2" daemon [_thread_blocked, id=11432, stack(0x000000001e190000,0x000000001e290000)]
  0x000000001c24e000 JavaThread "C2 CompilerThread1" daemon [_thread_blocked, id=10528, stack(0x000000001dc90000,0x000000001dd90000)]
  0x000000001c258000 JavaThread "C2 CompilerThread0" daemon [_thread_blocked, id=7136, stack(0x000000001db90000,0x000000001dc90000)]
  0x000000001c23f000 JavaThread "JDWP Command Reader" daemon [_thread_in_native, id=8508, stack(0x000000001da90000,0x000000001db90000)]
  0x000000001c23b800 JavaThread "JDWP Event Helper Thread" daemon [_thread_blocked, id=11404, stack(0x000000001d990000,0x000000001da90000)]
=>0x000000001c22c800 JavaThread "JDWP Transport Listener: dt_socket" daemon [_thread_in_vm, id=10716, stack(0x000000001d890000,0x000000001d990000)]
  0x000000001c222000 JavaThread "Attach Listener" daemon [_thread_blocked, id=11704, stack(0x000000001d790000,0x000000001d890000)]
  0x000000001c221000 JavaThread "Signal Dispatcher" daemon [_thread_blocked, id=9060, stack(0x000000001d690000,0x000000001d790000)]
  0x000000001c20f000 JavaThread "Finalizer" daemon [_thread_blocked, id=3000, stack(0x000000001d480000,0x000000001d580000)]
  0x0000000002c37000 JavaThread "Reference Handler" daemon [_thread_blocked, id=10984, stack(0x000000001d380000,0x000000001d480000)]
  0x0000000002b44000 JavaThread "main" [_thread_blocked, id=11880, stack(0x0000000002a40000,0x0000000002b40000)]

Other Threads:
  0x000000001c1e7800 VMThread [stack: 0x000000001d280000,0x000000001d380000] [id=1996]
  0x000000001ddff000 WatcherThread [stack: 0x000000001e390000,0x000000001e490000] [id=9096]

VM state:not at safepoint (normal execution)

VM Mutex/Monitor currently owned by a thread: None

Heap:
 PSYoungGen      total 76288K, used 10487K [0x000000076b380000, 0x0000000770880000, 0x00000007c0000000)
  eden space 65536K, 16% used [0x000000076b380000,0x000000076bdbdf90,0x000000076f380000)
  from space 10752K, 0% used [0x000000076fe00000,0x000000076fe00000,0x0000000770880000)
  to   space 10752K, 0% used [0x000000076f380000,0x000000076f380000,0x000000076fe00000)
 ParOldGen       total 175104K, used 0K [0x00000006c1a00000, 0x00000006cc500000, 0x000000076b380000)
  object space 175104K, 0% used [0x00000006c1a00000,0x00000006c1a00000,0x00000006cc500000)
 Metaspace       used 5977K, capacity 6182K, committed 6400K, reserved 1056768K
  class space    used 699K, capacity 765K, committed 768K, reserved 1048576K

Card table byte_map: [0x0000000012000000,0x0000000012800000] byte_map_base: 0x000000000e9f3000

Marking Bits: (ParMarkBitMap*) 0x0000000056182f70
 Begin Bits: [0x0000000013150000, 0x00000000170e8000)
 End Bits:   [0x00000000170e8000, 0x000000001b080000)

Polling page: 0x0000000001130000

CodeCache: size=245760Kb used=2305Kb max_used=2310Kb free=243454Kb
 bounds [0x0000000002c40000, 0x0000000002eb0000, 0x0000000011c40000]
 total_blobs=751 nmethods=483 adapters=189
 compilation: enabled

Compilation events (10 events):
Event: 0.815 Thread 0x000000001ddc0800  479       3       java.lang.ref.SoftReference::<init> (13 bytes)
Event: 0.815 Thread 0x000000001ddc0800 nmethod 479 0x0000000002e7f250 code [0x0000000002e7f3c0, 0x0000000002e7f6b0]
Event: 0.815 Thread 0x000000001ddc0800  480       3       sun.reflect.misc.ReflectUtil::isVMAnonymousClass (19 bytes)
Event: 0.815 Thread 0x000000001c24e000  482       4       java.lang.Math::min (11 bytes)
Event: 0.816 Thread 0x000000001c24e000 nmethod 482 0x0000000002e684d0 code [0x0000000002e68600, 0x0000000002e68658]
Event: 0.816 Thread 0x000000001ddc0800 nmethod 480 0x0000000002e81ad0 code [0x0000000002e81c60, 0x0000000002e821b8]
Event: 0.816 Thread 0x000000001ddc0800  481       3       jdk.internal.org.objectweb.asm.ByteVector::enlarge (51 bytes)
Event: 0.816 Thread 0x000000001ddc0800 nmethod 481 0x0000000002e81510 code [0x0000000002e81680, 0x0000000002e819c8]
Event: 0.816 Thread 0x000000001ddc0800  483       3       jdk.internal.org.objectweb.asm.ByteVector::putInt (74 bytes)
Event: 0.816 Thread 0x000000001ddc0800 nmethod 483 0x0000000002e80f50 code [0x0000000002e810c0, 0x0000000002e81368]

GC Heap History (0 events):
No events

Deoptimization events (2 events):
Event: 0.290 Thread 0x0000000002b44000 Uncommon trap: reason=unstable_if action=reinterpret pc=0x0000000002d5cdc4 method=java.lang.String.hashCode()I @ 14
Event: 0.711 Thread 0x0000000002b44000 Uncommon trap: reason=unstable_if action=reinterpret pc=0x0000000002dd9854 method=java.lang.String.indexOf([CII[CIII)I @ 3

Internal exceptions (10 events):
Event: 0.045 Thread 0x0000000002b44000 Exception <a 'java/lang/NoSuchMethodError': Method sun.misc.Unsafe.defineClass(Ljava/lang/String;[BII)Ljava/lang/Class; name or signature does not match> (0x000000076b387cc0) thrown at [C:\re\workspace\8-2-build-windows-amd64-cygwin\jdk8u91\7017\hotspot\srXÖÃ&ý¦?
Event: 0.045 Thread 0x0000000002b44000 Exception <a 'java/lang/NoSuchMethodError': Method sun.misc.Unsafe.prefetchRead(Ljava/lang/Object;J)V name or signature does not match> (0x000000076b387fa8) thrown at [C:\re\workspace\8-2-build-windows-amd64-cygwin\jdk8u91\7017\hotspot\src\share\vm\prims\jj_³£»Ö?
Event: 0.355 Thread 0x0000000002b44000 Exception <a 'java/io/FileNotFoundException'> (0x000000076b77e3d0) thrown at [C:\re\workspace\8-2-build-windows-amd64-cygwin\jdk8u91\7017\hotspot\src\share\vm\prims\jni.cpp, line 709]
Event: 0.376 Thread 0x0000000002b44000 Exception <a 'java/security/PrivilegedActionException'> (0x000000076b7c1120) thrown at [C:\re\workspace\8-2-build-windows-amd64-cygwin\jdk8u91\7017\hotspot\src\share\vm\prims\jvm.cpp, line 1386]
Event: 0.376 Thread 0x0000000002b44000 Exception <a 'java/security/PrivilegedActionException'> (0x000000076b7c1330) thrown at [C:\re\workspace\8-2-build-windows-amd64-cygwin\jdk8u91\7017\hotspot\src\share\vm\prims\jvm.cpp, line 1386]
Event: 0.378 Thread 0x0000000002b44000 Exception <a 'java/security/PrivilegedActionException'> (0x000000076b7c5178) thrown at [C:\re\workspace\8-2-build-windows-amd64-cygwin\jdk8u91\7017\hotspot\src\share\vm\prims\jvm.cpp, line 1386]
Event: 0.378 Thread 0x0000000002b44000 Exception <a 'java/security/PrivilegedActionException'> (0x000000076b7c5388) thrown at [C:\re\workspace\8-2-build-windows-amd64-cygwin\jdk8u91\7017\hotspot\src\share\vm\prims\jvm.cpp, line 1386]
Event: 0.783 Thread 0x0000000002b44000 Exception <a 'java/lang/NoSuchFieldError': method resolution failed> (0x000000076bc8aa80) thrown at [C:\re\workspace\8-2-build-windows-amd64-cygwin\jdk8u91\7017\hotspot\src\share\vm\prims\methodHandles.cpp, line 1146]
Event: 0.786 Thread 0x0000000002b44000 Exception <a 'java/lang/NoSuchFieldError': method resolution failed> (0x000000076bc98170) thrown at [C:\re\workspace\8-2-build-windows-amd64-cygwin\jdk8u91\7017\hotspot\src\share\vm\prims\methodHandles.cpp, line 1146]
Event: 23.591 Thread 0x0000000002b44000 Exception <a 'java/lang/reflect/InvocationTargetException'> (0x000000076bd1a3d0) thrown at [C:\re\workspace\8-2-build-windows-amd64-cygwin\jdk8u91\7017\hotspot\src\share\vm\runtime\reflection.cpp, line 1092]

Events (10 events):
Event: 244.463 Executing VM operation: ChangeBreakpoints
Event: 244.463 Executing VM operation: ChangeBreakpoints done
Event: 244.470 Executing VM operation: ChangeBreakpoints
Event: 244.471 Executing VM operation: ChangeBreakpoints done
Event: 381.015 Executing VM operation: ChangeBreakpoints
Event: 381.015 Executing VM operation: ChangeBreakpoints done
Event: 381.080 Executing VM operation: RedefineClasses
Event: 381.084 Executing VM operation: RedefineClasses done
Event: 381.089 Executing VM operation: GetOrSetLocal
Event: 381.089 Executing VM operation: GetOrSetLocal done


Dynamic libraries:
0x00007ff74d480000 - 0x00007ff74d4b7000 	C:\Program Files\Java\jdk1.8.0_91\bin\java.exe
0x00007ffb23630000 - 0x00007ffb237f1000 	C:\WINDOWS\SYSTEM32\ntdll.dll
0x00007ffb20a10000 - 0x00007ffb20abd000 	C:\WINDOWS\system32\KERNEL32.DLL
0x00007ffb20650000 - 0x00007ffb20838000 	C:\WINDOWS\system32\KERNELBASE.dll
0x00007ffb21360000 - 0x00007ffb21407000 	C:\WINDOWS\system32\ADVAPI32.dll
0x00007ffb20db0000 - 0x00007ffb20e4d000 	C:\WINDOWS\system32\msvcrt.dll
0x00007ffb20e50000 - 0x00007ffb20eab000 	C:\WINDOWS\system32\sechost.dll
0x00007ffb21240000 - 0x00007ffb2135c000 	C:\WINDOWS\system32\RPCRT4.dll
0x00007ffb215c0000 - 0x00007ffb21716000 	C:\WINDOWS\system32\USER32.dll
0x00007ffb21b90000 - 0x00007ffb21d16000 	C:\WINDOWS\system32\GDI32.dll
0x00007ffb18dd0000 - 0x00007ffb19044000 	C:\WINDOWS\WinSxS\amd64_microsoft.windows.common-controls_6595b64144ccf1df_6.0.10586.0_none_8c15ae12515e1c22\COMCTL32.dll
0x00007ffb20eb0000 - 0x00007ffb2112d000 	C:\WINDOWS\system32\combase.dll
0x00007ffb209a0000 - 0x00007ffb20a0a000 	C:\WINDOWS\system32\bcryptPrimitives.dll
0x00007ffb21720000 - 0x00007ffb2175b000 	C:\WINDOWS\system32\IMM32.DLL
0x00007ffb1fb20000 - 0x00007ffb1fb51000 	C:\Windows\system32\nvinitx.dll
0x00007ffb1fb10000 - 0x00007ffb1fb1a000 	C:\WINDOWS\SYSTEM32\VERSION.dll
0x0000000056210000 - 0x00000000562e2000 	C:\Program Files\Java\jdk1.8.0_91\jre\bin\msvcr100.dll
0x0000000055970000 - 0x0000000056203000 	C:\Program Files\Java\jdk1.8.0_91\jre\bin\server\jvm.dll
0x00007ffb21e30000 - 0x00007ffb21e38000 	C:\WINDOWS\system32\PSAPI.DLL
0x00007ffb174d0000 - 0x00007ffb174d9000 	C:\WINDOWS\SYSTEM32\WSOCK32.dll
0x00007ffb1e390000 - 0x00007ffb1e3b3000 	C:\WINDOWS\SYSTEM32\WINMM.dll
0x00007ffb235c0000 - 0x00007ffb2362b000 	C:\WINDOWS\system32\WS2_32.dll
0x00007ffb1e330000 - 0x00007ffb1e35c000 	C:\WINDOWS\SYSTEM32\WINMMBASE.dll
0x00007ffb20600000 - 0x00007ffb20643000 	C:\WINDOWS\system32\cfgmgr32.dll
0x0000000055960000 - 0x000000005596f000 	C:\Program Files\Java\jdk1.8.0_91\jre\bin\verify.dll
0x0000000055930000 - 0x0000000055959000 	C:\Program Files\Java\jdk1.8.0_91\jre\bin\java.dll
0x0000000055820000 - 0x0000000055855000 	C:\Program Files\Java\jdk1.8.0_91\jre\bin\jdwp.dll
0x0000000055810000 - 0x0000000055818000 	C:\Program Files\Java\jdk1.8.0_91\jre\bin\npt.dll
0x0000000055910000 - 0x0000000055926000 	C:\Program Files\Java\jdk1.8.0_91\jre\bin\zip.dll
0x00007ffb21e40000 - 0x00007ffb2339c000 	C:\WINDOWS\system32\SHELL32.dll
0x00007ffb1ffb0000 - 0x00007ffb205f4000 	C:\WINDOWS\system32\windows.storage.dll
0x00007ffb21170000 - 0x00007ffb211c2000 	C:\WINDOWS\system32\shlwapi.dll
0x00007ffb1fc50000 - 0x00007ffb1fc5f000 	C:\WINDOWS\system32\kernel.appcore.dll
0x00007ffb1fcc0000 - 0x00007ffb1fd75000 	C:\WINDOWS\system32\shcore.dll
0x00007ffb1fc60000 - 0x00007ffb1fcab000 	C:\WINDOWS\system32\powrprof.dll
0x00007ffb1fc30000 - 0x00007ffb1fc44000 	C:\WINDOWS\system32\profapi.dll
0x0000000055800000 - 0x0000000055809000 	C:\Program Files\Java\jdk1.8.0_91\jre\bin\dt_socket.dll
0x00007ffb1f510000 - 0x00007ffb1f56c000 	C:\WINDOWS\system32\mswsock.dll
0x00007ffb17340000 - 0x00007ffb174cc000 	C:\WINDOWS\SYSTEM32\dbghelp.dll

VM Arguments:
jvm_args: -agentlib:jdwp=transport=dt_socket,address=127.0.0.1:65327,suspend=y,server=n -ea -Didea.junit.sm_runner -Dfile.encoding=UTF-8 
java_command: com.intellij.rt.execution.junit.JUnitStarter -ideVersion5 com.viseo.formation.tests.TestCollaboratorDAO
java_class_path (initial): C:\Program Files (x86)\JetBrains\IntelliJ IDEA 2016.1.3\lib\idea_rt.jar;C:\Program Files (x86)\JetBrains\IntelliJ IDEA 2016.1.3\plugins\junit\lib\junit-rt.jar;C:\Program Files\Java\jdk1.8.0_91\jre\lib\charsets.jar;C:\Program Files\Java\jdk1.8.0_91\jre\lib\deploy.jar;C:\Program Files\Java\jdk1.8.0_91\jre\lib\ext\access-bridge-64.jar;C:\Program Files\Java\jdk1.8.0_91\jre\lib\ext\cldrdata.jar;C:\Program Files\Java\jdk1.8.0_91\jre\lib\ext\dnsns.jar;C:\Program Files\Java\jdk1.8.0_91\jre\lib\ext\jaccess.jar;C:\Program Files\Java\jdk1.8.0_91\jre\lib\ext\jfxrt.jar;C:\Program Files\Java\jdk1.8.0_91\jre\lib\ext\localedata.jar;C:\Program Files\Java\jdk1.8.0_91\jre\lib\ext\nashorn.jar;C:\Program Files\Java\jdk1.8.0_91\jre\lib\ext\sunec.jar;C:\Program Files\Java\jdk1.8.0_91\jre\lib\ext\sunjce_provider.jar;C:\Program Files\Java\jdk1.8.0_91\jre\lib\ext\sunmscapi.jar;C:\Program Files\Java\jdk1.8.0_91\jre\lib\ext\sunpkcs11.jar;C:\Program Files\Java\jdk1.8.0_91\jre\lib\ext\zipfs.jar;C:\Program Files\Java\jdk1.8.0_91\jre\lib\javaws.jar;C:\Program Files\Java\jdk1.8.0_91\jre\lib\jce.jar;C:\Program Files\Java\jdk1.8.0_91\jre\lib\jfr.jar;C:\Program Files\Java\jdk1.8.0_91\jre\lib\jfxswt.jar;C:\Program Files\Java\jdk1.8.0_91\jre\lib\jsse.jar;C:\Program Files\Java\jdk1.8.0_91\jre\lib\management-agent.jar;C:\Program Files\Java\jdk1.8.0_91\jre\lib\plugin.jar;C:\Program Files\Java\jdk1.8.0_91\jre\lib\resources.jar;C:\Program Files\Java\jdk1.8.0_91\jre\lib\rt.jar;C:\Users\TLE3473\projets\C360_formation\target\test-classes;C:\Users\TLE3473\projets\C360_formation\target\classes;C:\Users\TLE3473\.m2\repository\joda-time\joda-time\2.9.1\joda-time-2.9.1.jar;C:\Users\TLE3473\.m2\repository\commons-beanutils\commons-beanutils\1.9.2\commons-beanutils-1.9.2.jar;C:\Users\TLE3473\.m2\repository\commons-logging\commons-logging\99-empty\commons-logging-99-empty.jar;C:\Users\TLE3473\.m2\repository\commons-collections\commons-collections\3.2.1\commons-collections-3.2.1.jar;C:\Users
Launcher Type: SUN_STANDARD

Environment Variables:
PATH=C:\ProgramData\Oracle\Java\javapath;C:\Program Files (x86)\Intel\iCLS Client\;C:\Program Files\Intel\iCLS Client\;C:\WINDOWS\system32;C:\WINDOWS;C:\WINDOWS\System32\Wbem;C:\WINDOWS\System32\WindowsPowerShell\v1.0\;C:\Program Files\Intel\WiFi\bin\;C:\Program Files\Common Files\Intel\WirelessCommon\;C:\Program Files\Intel\Intel(R) Management Engine Components\DAL;C:\Program Files (x86)\Intel\Intel(R) Management Engine Components\DAL;C:\Program Files\Intel\Intel(R) Management Engine Components\IPT;C:\Program Files (x86)\Intel\Intel(R) Management Engine Components\IPT;C:\Program Files (x86)\NVIDIA Corporation\PhysX\Common;C:\Program Files\nodejs\;C:\Program Files\Git\cmd;C:\Program Files (x86)\Skype\Phone\;C:\Users\TLE3473\AppData\Roaming\npm
USERNAME=TLE3473
OS=Windows_NT
PROCESSOR_IDENTIFIER=Intel64 Family 6 Model 61 Stepping 4, GenuineIntel



---------------  S Y S T E M  ---------------

OS: Windows 10.0 , 64 bit Build 10586 (10.0.10586.0)

CPU:total 4 (2 cores per cpu, 2 threads per core) family 6 model 61 stepping 4, cmov, cx8, fxsr, mmx, sse, sse2, sse3, ssse3, sse4.1, sse4.2, popcnt, avx, avx2, aes, clmul, erms, rtm, 3dnowpref, lzcnt, ht, tsc, tscinvbit, bmi1, bmi2, adx

Memory: 4k page, physical 16662848k(10845224k free), swap 33440064k(25418740k free)

vm_info: Java HotSpot(TM) 64-Bit Server VM (25.91-b15) for windows-amd64 JRE (1.8.0_91-b15), built on May 20 2016 17:43:15 by "java_re" with MS VC++ 10.0 (VS2010)

time: Fri Jun 24 18:28:16 2016
elapsed time: 381 seconds (0d 0h 6m 21s)

